-------------------------------------------------------------------------------
Test set: org.megam.core.ProvisionerTest
-------------------------------------------------------------------------------
Tests run: 1, Failures: 0, Errors: 1, Skipped: 0, Time elapsed: 0.605 sec <<< FAILURE!
testProvisionerService(org.megam.core.ProvisionerTest)  Time elapsed: 0.547 sec  <<< ERROR!
org.megam.chef.exception.SourceException: com.basho.riak.client.RiakRetryFailedException: com.basho.riak.client.http.response.RiakIORuntimeException: java.net.UnknownHostException: null
	at java.net.InetAddress.getAllByName0(InetAddress.java:1215)
	at java.net.InetAddress.getAllByName(InetAddress.java:1127)
	at java.net.InetAddress.getAllByName(InetAddress.java:1063)
	at org.apache.http.impl.conn.SystemDefaultDnsResolver.resolve(SystemDefaultDnsResolver.java:45)
	at org.apache.http.impl.conn.DefaultClientConnectionOperator.resolveHostname(DefaultClientConnectionOperator.java:278)
	at org.apache.http.impl.conn.DefaultClientConnectionOperator.openConnection(DefaultClientConnectionOperator.java:162)
	at org.apache.http.impl.conn.ManagedClientConnectionImpl.open(ManagedClientConnectionImpl.java:294)
	at org.apache.http.impl.client.DefaultRequestDirector.tryConnect(DefaultRequestDirector.java:640)
	at org.apache.http.impl.client.DefaultRequestDirector.execute(DefaultRequestDirector.java:479)
	at org.apache.http.impl.client.AbstractHttpClient.execute(AbstractHttpClient.java:906)
	at org.apache.http.impl.client.AbstractHttpClient.execute(AbstractHttpClient.java:805)
	at org.apache.http.impl.client.AbstractHttpClient.execute(AbstractHttpClient.java:784)
	at com.basho.riak.client.http.util.ClientHelper.executeMethod(ClientHelper.java:462)
	at com.basho.riak.client.http.util.ClientHelper.listBucket(ClientHelper.java:169)
	at com.basho.riak.client.http.util.ClientHelper.getBucketSchema(ClientHelper.java:129)
	at com.basho.riak.client.http.RiakClient.getBucketSchema(RiakClient.java:90)
	at com.basho.riak.client.raw.http.HTTPClientAdapter.fetchBucket(HTTPClientAdapter.java:327)
	at com.basho.riak.client.bucket.FetchBucket$1.call(FetchBucket.java:74)
	at com.basho.riak.client.bucket.FetchBucket$1.call(FetchBucket.java:72)
	at com.basho.riak.client.cap.DefaultRetrier.attempt(DefaultRetrier.java:72)
	at com.basho.riak.client.cap.DefaultRetrier.attempt(DefaultRetrier.java:81)
	at com.basho.riak.client.cap.DefaultRetrier.attempt(DefaultRetrier.java:81)
	at com.basho.riak.client.cap.DefaultRetrier.attempt(DefaultRetrier.java:81)
	at com.basho.riak.client.cap.DefaultRetrier.attempt(DefaultRetrier.java:53)
	at com.basho.riak.client.bucket.FetchBucket.execute(FetchBucket.java:72)
	at org.megam.chef.source.riak.RiakSource.bucket(RiakSource.java:108)
	at org.megam.core.ProvisionerTest.testProvisionerService(ProvisionerTest.java:59)

